Exporter version: 3.3.2, Blender version: 3.5.0
========= Conversion from Blender to Babylon.js =========
	Scene settings used :
		Inline textures     :  false
		Material Type       :  PBR
		Positions Precision :  4
		Normals Precision   :  3
		UVs Precision       :  3
		Vert Color Precision:  3
		Mat Weight Precision:  2
		Keep Z-up r-handed  :  no
		Texture directory   :  /Users/harry/repos/harry/apps/portfolio/src/assets/models/rope/
	Python World class constructor completed
	WARNING: No active camera has been assigned, or is not in a currently enabled collection
	processing begun of node:  corde neutre
	processing begun of mesh:  corde neutre_Material_0
		processing begun of material:  Material.001
			processing texture Material_normal
			processing texture Material_baseColor
		Custom split normals with tangents being used
		num positions      :  221
		num normals        :  221
		num tangents       :  884
		num uvs            :  442
		num uvs2           :  442
		num colors         :  0
		num triangles      :  384
========= Writing of JSON file started =========
	writing mesh:  corde neutre_Material_0
========= Writing of JSON file completed =========
========= end of processing =========
elapsed time:  0 min, 0.2089 secs
