Exporter version: 3.3.2, Blender version: 3.5.0
========= Conversion from Blender to Babylon.js =========
	Scene settings used :
		Inline textures     :  false
		Material Type       :  PBR
		Positions Precision :  4
		Normals Precision   :  3
		UVs Precision       :  3
		Vert Color Precision:  3
		Mat Weight Precision:  2
		Keep Z-up r-handed  :  no
		Texture directory   :  /Users/harry/repos/harry/apps/portfolio/src/assets/models/
	Python World class constructor completed
	WARNING: No active camera has been assigned, or is not in a currently enabled collection
	processing begun of node:  SketchUp
	processing begun of node:  group_0
	processing begun of mesh:  group_1
		processing begun of material:  Material2
		num positions      :  136
		num normals        :  136
		num tangents       :  544
		num uvs            :  0
		num uvs2           :  0
		num colors         :  0
		num triangles      :  124
	processing begun of mesh:  group_10
		processing begun of material:  Material4
		processing begun of material:  Material3
		processing begun of multimaterial:  balloon.Multimaterial#0
		num positions      :  266
		num normals        :  266
		num tangents       :  1064
		num uvs            :  0
		num uvs2           :  0
		num colors         :  0
		num triangles      :  246
	processing begun of mesh:  group_10.001
		processing begun of material:  Material2
		processing begun of material:  Material3
		registered as also a user of material:  Material2
		registered as also a user of material:  Material3
		processing begun of multimaterial:  balloon.Multimaterial#1
		num positions      :  6
		num normals        :  6
		num tangents       :  24
		num uvs            :  0
		num uvs2           :  0
		num colors         :  0
		num triangles      :  2
	processing begun of mesh:  group_11
		processing begun of material:  Material2
		registered as also a user of material:  Material2
		num positions      :  136
		num normals        :  136
		num tangents       :  544
		num uvs            :  0
		num uvs2           :  0
		num colors         :  0
		num triangles      :  124
	processing begun of mesh:  group_12
		processing begun of material:  Material2
		registered as also a user of material:  Material2
		num positions      :  136
		num normals        :  136
		num tangents       :  544
		num uvs            :  0
		num uvs2           :  0
		num colors         :  0
		num triangles      :  124
	processing begun of mesh:  group_13
		processing begun of material:  Material4
		processing begun of material:  Material3
		registered as also a user of material:  Material4
		registered as also a user of material:  Material3
		processing begun of multimaterial:  balloon.Multimaterial#2
		num positions      :  266
		num normals        :  266
		num tangents       :  1064
		num uvs            :  0
		num uvs2           :  0
		num colors         :  0
		num triangles      :  246
	processing begun of mesh:  group_13.001
		processing begun of material:  Material2
		processing begun of material:  Material3
		registered as also a user of material:  Material2
		registered as also a user of material:  Material3
		processing begun of multimaterial:  balloon.Multimaterial#3
		num positions      :  6
		num normals        :  6
		num tangents       :  24
		num uvs            :  0
		num uvs2           :  0
		num colors         :  0
		num triangles      :  2
	processing begun of mesh:  group_14
		processing begun of material:  Material2
		registered as also a user of material:  Material2
		num positions      :  136
		num normals        :  136
		num tangents       :  544
		num uvs            :  0
		num uvs2           :  0
		num colors         :  0
		num triangles      :  124
	processing begun of mesh:  group_15
		processing begun of material:  Material2
		registered as also a user of material:  Material2
		num positions      :  136
		num normals        :  136
		num tangents       :  544
		num uvs            :  0
		num uvs2           :  0
		num colors         :  0
		num triangles      :  124
	processing begun of mesh:  group_16
		processing begun of material:  Material4
		processing begun of material:  Material3
		registered as also a user of material:  Material4
		registered as also a user of material:  Material3
		processing begun of multimaterial:  balloon.Multimaterial#4
		num positions      :  266
		num normals        :  266
		num tangents       :  1064
		num uvs            :  0
		num uvs2           :  0
		num colors         :  0
		num triangles      :  246
	processing begun of mesh:  group_16.001
		processing begun of material:  Material2
		processing begun of material:  Material3
		registered as also a user of material:  Material2
		registered as also a user of material:  Material3
		processing begun of multimaterial:  balloon.Multimaterial#5
		num positions      :  6
		num normals        :  6
		num tangents       :  24
		num uvs            :  0
		num uvs2           :  0
		num colors         :  0
		num triangles      :  2
	processing begun of mesh:  group_17
		processing begun of material:  Material2
		registered as also a user of material:  Material2
		num positions      :  136
		num normals        :  136
		num tangents       :  544
		num uvs            :  0
		num uvs2           :  0
		num colors         :  0
		num triangles      :  124
	processing begun of mesh:  group_18
		processing begun of material:  Material4
		processing begun of material:  Material3
		registered as also a user of material:  Material4
		registered as also a user of material:  Material3
		processing begun of multimaterial:  balloon.Multimaterial#6
		num positions      :  266
		num normals        :  266
		num tangents       :  1064
		num uvs            :  0
		num uvs2           :  0
		num colors         :  0
		num triangles      :  246
	processing begun of mesh:  group_18.001
		processing begun of material:  Material2
		processing begun of material:  Material3
		registered as also a user of material:  Material2
		registered as also a user of material:  Material3
		processing begun of multimaterial:  balloon.Multimaterial#7
		num positions      :  6
		num normals        :  6
		num tangents       :  24
		num uvs            :  0
		num uvs2           :  0
		num colors         :  0
		num triangles      :  2
	processing begun of mesh:  group_19
		processing begun of material:  Material4
		processing begun of material:  Material3
		registered as also a user of material:  Material4
		registered as also a user of material:  Material3
		processing begun of multimaterial:  balloon.Multimaterial#8
		num positions      :  266
		num normals        :  266
		num tangents       :  1064
		num uvs            :  0
		num uvs2           :  0
		num colors         :  0
		num triangles      :  246
	processing begun of mesh:  group_19.001
		processing begun of material:  Material2
		processing begun of material:  Material3
		registered as also a user of material:  Material2
		registered as also a user of material:  Material3
		processing begun of multimaterial:  balloon.Multimaterial#9
		num positions      :  6
		num normals        :  6
		num tangents       :  24
		num uvs            :  0
		num uvs2           :  0
		num colors         :  0
		num triangles      :  2
	processing begun of mesh:  group_2
		processing begun of material:  Material2
		registered as also a user of material:  Material2
		num positions      :  136
		num normals        :  136
		num tangents       :  544
		num uvs            :  0
		num uvs2           :  0
		num colors         :  0
		num triangles      :  124
	processing begun of mesh:  group_20
		processing begun of material:  Material2
		registered as also a user of material:  Material2
		num positions      :  136
		num normals        :  136
		num tangents       :  544
		num uvs            :  0
		num uvs2           :  0
		num colors         :  0
		num triangles      :  124
	processing begun of mesh:  group_21
		processing begun of material:  Material2
		registered as also a user of material:  Material2
		num positions      :  136
		num normals        :  136
		num tangents       :  544
		num uvs            :  0
		num uvs2           :  0
		num colors         :  0
		num triangles      :  124
	processing begun of mesh:  group_22
		processing begun of material:  Material2
		registered as also a user of material:  Material2
		num positions      :  136
		num normals        :  136
		num tangents       :  544
		num uvs            :  0
		num uvs2           :  0
		num colors         :  0
		num triangles      :  124
	processing begun of mesh:  group_23
		processing begun of material:  Material2
		registered as also a user of material:  Material2
		num positions      :  136
		num normals        :  136
		num tangents       :  544
		num uvs            :  0
		num uvs2           :  0
		num colors         :  0
		num triangles      :  124
	processing begun of mesh:  group_24
		processing begun of material:  Material2
		registered as also a user of material:  Material2
		num positions      :  136
		num normals        :  136
		num tangents       :  544
		num uvs            :  0
		num uvs2           :  0
		num colors         :  0
		num triangles      :  124
	processing begun of mesh:  group_25
		processing begun of material:  Material4
		processing begun of material:  Material3
		registered as also a user of material:  Material4
		registered as also a user of material:  Material3
		processing begun of multimaterial:  balloon.Multimaterial#10
		num positions      :  266
		num normals        :  266
		num tangents       :  1064
		num uvs            :  0
		num uvs2           :  0
		num colors         :  0
		num triangles      :  246
	processing begun of mesh:  group_25.001
		processing begun of material:  Material2
		processing begun of material:  Material3
		registered as also a user of material:  Material2
		registered as also a user of material:  Material3
		processing begun of multimaterial:  balloon.Multimaterial#11
		num positions      :  6
		num normals        :  6
		num tangents       :  24
		num uvs            :  0
		num uvs2           :  0
		num colors         :  0
		num triangles      :  2
	processing begun of mesh:  group_26
		processing begun of material:  Material4
		processing begun of material:  Material3
		registered as also a user of material:  Material4
		registered as also a user of material:  Material3
		processing begun of multimaterial:  balloon.Multimaterial#12
		num positions      :  266
		num normals        :  266
		num tangents       :  1064
		num uvs            :  0
		num uvs2           :  0
		num colors         :  0
		num triangles      :  246
	processing begun of mesh:  group_26.001
		processing begun of material:  Material2
		processing begun of material:  Material3
		registered as also a user of material:  Material2
		registered as also a user of material:  Material3
		processing begun of multimaterial:  balloon.Multimaterial#13
		num positions      :  6
		num normals        :  6
		num tangents       :  24
		num uvs            :  0
		num uvs2           :  0
		num colors         :  0
		num triangles      :  2
	processing begun of mesh:  group_27
		processing begun of material:  Material4
		processing begun of material:  Material3
		registered as also a user of material:  Material4
		registered as also a user of material:  Material3
		processing begun of multimaterial:  balloon.Multimaterial#14
		num positions      :  266
		num normals        :  266
		num tangents       :  1064
		num uvs            :  0
		num uvs2           :  0
		num colors         :  0
		num triangles      :  246
	processing begun of mesh:  group_27.001
		processing begun of material:  Material2
		processing begun of material:  Material3
		registered as also a user of material:  Material2
		registered as also a user of material:  Material3
		processing begun of multimaterial:  balloon.Multimaterial#15
		num positions      :  6
		num normals        :  6
		num tangents       :  24
		num uvs            :  0
		num uvs2           :  0
		num colors         :  0
		num triangles      :  2
	processing begun of mesh:  group_28
		processing begun of material:  Material4
		processing begun of material:  Material3
		registered as also a user of material:  Material4
		registered as also a user of material:  Material3
		processing begun of multimaterial:  balloon.Multimaterial#16
		num positions      :  266
		num normals        :  266
		num tangents       :  1064
		num uvs            :  0
		num uvs2           :  0
		num colors         :  0
		num triangles      :  246
	processing begun of mesh:  group_28.001
		processing begun of material:  Material2
		processing begun of material:  Material3
		registered as also a user of material:  Material2
		registered as also a user of material:  Material3
		processing begun of multimaterial:  balloon.Multimaterial#17
		num positions      :  6
		num normals        :  6
		num tangents       :  24
		num uvs            :  0
		num uvs2           :  0
		num colors         :  0
		num triangles      :  2
	processing begun of mesh:  group_29
		processing begun of material:  Material4
		processing begun of material:  Material3
		registered as also a user of material:  Material4
		registered as also a user of material:  Material3
		processing begun of multimaterial:  balloon.Multimaterial#18
		num positions      :  266
		num normals        :  266
		num tangents       :  1064
		num uvs            :  0
		num uvs2           :  0
		num colors         :  0
		num triangles      :  246
	processing begun of mesh:  group_29.001
		processing begun of material:  Material2
		processing begun of material:  Material3
		registered as also a user of material:  Material2
		registered as also a user of material:  Material3
		processing begun of multimaterial:  balloon.Multimaterial#19
		num positions      :  6
		num normals        :  6
		num tangents       :  24
		num uvs            :  0
		num uvs2           :  0
		num colors         :  0
		num triangles      :  2
	processing begun of mesh:  group_3
		processing begun of material:  Material4
		processing begun of material:  Material3
		registered as also a user of material:  Material4
		registered as also a user of material:  Material3
		processing begun of multimaterial:  balloon.Multimaterial#20
		num positions      :  266
		num normals        :  266
		num tangents       :  1064
		num uvs            :  0
		num uvs2           :  0
		num colors         :  0
		num triangles      :  246
	processing begun of mesh:  group_3.001
		processing begun of material:  Material2
		processing begun of material:  Material3
		registered as also a user of material:  Material2
		registered as also a user of material:  Material3
		processing begun of multimaterial:  balloon.Multimaterial#21
		num positions      :  6
		num normals        :  6
		num tangents       :  24
		num uvs            :  0
		num uvs2           :  0
		num colors         :  0
		num triangles      :  2
	processing begun of mesh:  group_30
		processing begun of material:  Material4
		processing begun of material:  Material3
		registered as also a user of material:  Material4
		registered as also a user of material:  Material3
		processing begun of multimaterial:  balloon.Multimaterial#22
		num positions      :  266
		num normals        :  266
		num tangents       :  1064
		num uvs            :  0
		num uvs2           :  0
		num colors         :  0
		num triangles      :  246
	processing begun of mesh:  group_30.001
		processing begun of material:  Material2
		processing begun of material:  Material3
		registered as also a user of material:  Material2
		registered as also a user of material:  Material3
		processing begun of multimaterial:  balloon.Multimaterial#23
		num positions      :  6
		num normals        :  6
		num tangents       :  24
		num uvs            :  0
		num uvs2           :  0
		num colors         :  0
		num triangles      :  2
	processing begun of mesh:  group_31
		processing begun of material:  Material2
		registered as also a user of material:  Material2
		num positions      :  136
		num normals        :  136
		num tangents       :  544
		num uvs            :  0
		num uvs2           :  0
		num colors         :  0
		num triangles      :  124
	processing begun of mesh:  group_32
		processing begun of material:  Material2
		registered as also a user of material:  Material2
		num positions      :  136
		num normals        :  136
		num tangents       :  544
		num uvs            :  0
		num uvs2           :  0
		num colors         :  0
		num triangles      :  124
	processing begun of mesh:  group_33
		processing begun of material:  Material2
		registered as also a user of material:  Material2
		num positions      :  136
		num normals        :  136
		num tangents       :  544
		num uvs            :  0
		num uvs2           :  0
		num colors         :  0
		num triangles      :  124
	processing begun of mesh:  group_34
		processing begun of material:  Material2
		registered as also a user of material:  Material2
		num positions      :  136
		num normals        :  136
		num tangents       :  544
		num uvs            :  0
		num uvs2           :  0
		num colors         :  0
		num triangles      :  124
	processing begun of mesh:  group_35
		processing begun of material:  Material4
		processing begun of material:  Material3
		registered as also a user of material:  Material4
		registered as also a user of material:  Material3
		processing begun of multimaterial:  balloon.Multimaterial#24
		num positions      :  266
		num normals        :  266
		num tangents       :  1064
		num uvs            :  0
		num uvs2           :  0
		num colors         :  0
		num triangles      :  246
	processing begun of mesh:  group_35.001
		processing begun of material:  Material2
		processing begun of material:  Material3
		registered as also a user of material:  Material2
		registered as also a user of material:  Material3
		processing begun of multimaterial:  balloon.Multimaterial#25
		num positions      :  6
		num normals        :  6
		num tangents       :  24
		num uvs            :  0
		num uvs2           :  0
		num colors         :  0
		num triangles      :  2
	processing begun of mesh:  group_36
		processing begun of material:  Material4
		processing begun of material:  Material3
		registered as also a user of material:  Material4
		registered as also a user of material:  Material3
		processing begun of multimaterial:  balloon.Multimaterial#26
		num positions      :  266
		num normals        :  266
		num tangents       :  1064
		num uvs            :  0
		num uvs2           :  0
		num colors         :  0
		num triangles      :  246
	processing begun of mesh:  group_36.001
		processing begun of material:  Material2
		processing begun of material:  Material3
		registered as also a user of material:  Material2
		registered as also a user of material:  Material3
		processing begun of multimaterial:  balloon.Multimaterial#27
		num positions      :  6
		num normals        :  6
		num tangents       :  24
		num uvs            :  0
		num uvs2           :  0
		num colors         :  0
		num triangles      :  2
	processing begun of mesh:  group_4
		processing begun of material:  Material2
		registered as also a user of material:  Material2
		num positions      :  136
		num normals        :  136
		num tangents       :  544
		num uvs            :  0
		num uvs2           :  0
		num colors         :  0
		num triangles      :  124
	processing begun of mesh:  group_5
		processing begun of material:  Material4
		processing begun of material:  Material3
		registered as also a user of material:  Material4
		registered as also a user of material:  Material3
		processing begun of multimaterial:  balloon.Multimaterial#28
		num positions      :  266
		num normals        :  266
		num tangents       :  1064
		num uvs            :  0
		num uvs2           :  0
		num colors         :  0
		num triangles      :  246
	processing begun of mesh:  group_5.001
		processing begun of material:  Material2
		processing begun of material:  Material3
		registered as also a user of material:  Material2
		registered as also a user of material:  Material3
		processing begun of multimaterial:  balloon.Multimaterial#29
		num positions      :  6
		num normals        :  6
		num tangents       :  24
		num uvs            :  0
		num uvs2           :  0
		num colors         :  0
		num triangles      :  2
	processing begun of mesh:  group_6
		processing begun of material:  Material4
		processing begun of material:  Material3
		registered as also a user of material:  Material4
		registered as also a user of material:  Material3
		processing begun of multimaterial:  balloon.Multimaterial#30
		num positions      :  266
		num normals        :  266
		num tangents       :  1064
		num uvs            :  0
		num uvs2           :  0
		num colors         :  0
		num triangles      :  246
	processing begun of mesh:  group_6.001
		processing begun of material:  Material2
		processing begun of material:  Material3
		registered as also a user of material:  Material2
		registered as also a user of material:  Material3
		processing begun of multimaterial:  balloon.Multimaterial#31
		num positions      :  6
		num normals        :  6
		num tangents       :  24
		num uvs            :  0
		num uvs2           :  0
		num colors         :  0
		num triangles      :  2
	processing begun of mesh:  group_7
		processing begun of material:  Material4
		processing begun of material:  Material3
		registered as also a user of material:  Material4
		registered as also a user of material:  Material3
		processing begun of multimaterial:  balloon.Multimaterial#32
		num positions      :  266
		num normals        :  266
		num tangents       :  1064
		num uvs            :  0
		num uvs2           :  0
		num colors         :  0
		num triangles      :  246
	processing begun of mesh:  group_7.001
		processing begun of material:  Material2
		processing begun of material:  Material3
		registered as also a user of material:  Material2
		registered as also a user of material:  Material3
		processing begun of multimaterial:  balloon.Multimaterial#33
		num positions      :  6
		num normals        :  6
		num tangents       :  24
		num uvs            :  0
		num uvs2           :  0
		num colors         :  0
		num triangles      :  2
	processing begun of mesh:  group_8
		processing begun of material:  Material2
		registered as also a user of material:  Material2
		num positions      :  136
		num normals        :  136
		num tangents       :  544
		num uvs            :  0
		num uvs2           :  0
		num colors         :  0
		num triangles      :  124
	processing begun of mesh:  group_9
		processing begun of material:  Material4
		processing begun of material:  Material3
		registered as also a user of material:  Material4
		registered as also a user of material:  Material3
		processing begun of multimaterial:  balloon.Multimaterial#34
		num positions      :  266
		num normals        :  266
		num tangents       :  1064
		num uvs            :  0
		num uvs2           :  0
		num colors         :  0
		num triangles      :  246
	processing begun of mesh:  group_9.001
		processing begun of material:  Material2
		processing begun of material:  Material3
		registered as also a user of material:  Material2
		registered as also a user of material:  Material3
		processing begun of multimaterial:  balloon.Multimaterial#35
		num positions      :  6
		num normals        :  6
		num tangents       :  24
		num uvs            :  0
		num uvs2           :  0
		num colors         :  0
		num triangles      :  2
	processing begun of mesh:  group_37
		processing begun of material:  PngItem_115842
			processing texture 
				WARNING: Exception during copy:
					Error: Could not write image: Is a directory
Error: Image 'PngItem_115842' could not be saved to '/Users/harry/repos/harry/apps/portfolio/src/assets/models/.'

		Custom split normals with tangents being used
		num positions      :  12
		num normals        :  12
		num tangents       :  48
		num uvs            :  24
		num uvs2           :  0
		num colors         :  0
		num triangles      :  8
	processing begun of mesh:  group_37.001
		processing begun of material:  PngItem_115842
		registered as also a user of material:  PngItem_115842
		Custom split normals with tangents being used
		num positions      :  18
		num normals        :  18
		num tangents       :  72
		num uvs            :  36
		num uvs2           :  0
		num colors         :  0
		num triangles      :  8
========= Writing of JSON file started =========
	writing mesh:  group_1
	writing mesh:  group_10
	writing mesh:  group_10.001
	writing mesh:  group_11
	writing mesh:  group_12
	writing mesh:  group_13
	writing mesh:  group_13.001
	writing mesh:  group_14
	writing mesh:  group_15
	writing mesh:  group_16
	writing mesh:  group_16.001
	writing mesh:  group_17
	writing mesh:  group_18
	writing mesh:  group_18.001
	writing mesh:  group_19
	writing mesh:  group_19.001
	writing mesh:  group_2
	writing mesh:  group_20
	writing mesh:  group_21
	writing mesh:  group_22
	writing mesh:  group_23
	writing mesh:  group_24
	writing mesh:  group_25
	writing mesh:  group_25.001
	writing mesh:  group_26
	writing mesh:  group_26.001
	writing mesh:  group_27
	writing mesh:  group_27.001
	writing mesh:  group_28
	writing mesh:  group_28.001
	writing mesh:  group_29
	writing mesh:  group_29.001
	writing mesh:  group_3
	writing mesh:  group_3.001
	writing mesh:  group_30
	writing mesh:  group_30.001
	writing mesh:  group_31
	writing mesh:  group_32
	writing mesh:  group_33
	writing mesh:  group_34
	writing mesh:  group_35
	writing mesh:  group_35.001
	writing mesh:  group_36
	writing mesh:  group_36.001
	writing mesh:  group_4
	writing mesh:  group_5
	writing mesh:  group_5.001
	writing mesh:  group_6
	writing mesh:  group_6.001
	writing mesh:  group_7
	writing mesh:  group_7.001
	writing mesh:  group_8
	writing mesh:  group_9
	writing mesh:  group_9.001
	writing mesh:  group_37
	writing mesh:  group_37.001
========= Writing of JSON file completed =========
========= end of processing =========
elapsed time:  0 min, 0.3618 secs
