Exporter version: 3.3.2, Blender version: 3.5.0
========= Conversion from Blender to Babylon.js =========
	Scene settings used :
		Inline textures     :  false
		Material Type       :  PBR
		Positions Precision :  4
		Normals Precision   :  3
		UVs Precision       :  3
		Vert Color Precision:  3
		Mat Weight Precision:  2
		Keep Z-up r-handed  :  no
		Texture directory   :  /Users/harry/repos/harry/apps/portfolio/src/assets/models/balloon/
	Python World class constructor completed
	WARNING: No active camera has been assigned, or is not in a currently enabled collection
	processing begun of node:  basket
	processing begun of mesh:  group_37
		processing begun of material:  PngItem_115842
			processing texture PngItem_115842
		Custom split normals with tangents being used
		num positions      :  12
		num normals        :  12
		num tangents       :  48
		num uvs            :  24
		num uvs2           :  0
		num colors         :  0
		num triangles      :  8
	processing begun of mesh:  group_37.001
		processing begun of material:  PngItem_115842
		registered as also a user of material:  PngItem_115842
		Custom split normals with tangents being used
		num positions      :  18
		num normals        :  18
		num tangents       :  72
		num uvs            :  36
		num uvs2           :  0
		num colors         :  0
		num triangles      :  8
	processing begun of mesh:  balloon
		processing begun of material:  Material.001
			processing texture base
		num positions      :  642
		num normals        :  642
		num tangents       :  0
		num uvs            :  1284
		num uvs2           :  1284
		num colors         :  0
		num triangles      :  252
========= Writing of JSON file started =========
	writing mesh:  group_37
	writing mesh:  group_37.001
	writing mesh:  balloon
========= Writing of JSON file completed =========
========= end of processing =========
elapsed time:  0 min, 0.0141 secs
